<?xml version="1.0" encoding="UTF-8"?>
<!-- Generated by org.testng.reporters.JUnitXMLReporter -->
<testsuite ignored="0" hostname="DESKTOP-40N8UKJ" failures="1" tests="3" name="ErrorValidationTest" time="20.697" errors="0" timestamp="2024-10-22T12:07:54 IST">
  <testcase classname="com.ErrorValidationTest" name="LoginErrorValidation" time="0.898">
    <skipped/>
  </testcase> <!-- LoginErrorValidation -->
  <testcase classname="com.ErrorValidationTest" name="LoginErrorValidation" time="1.438">
    <failure type="java.lang.AssertionError" message="expected [Incorrect email password.] but found [Incorrect email or password.]">
      <![CDATA[java.lang.AssertionError: expected [Incorrect email password.] but found [Incorrect email or password.]
at com.ErrorValidationTest.LoginErrorValidation(ErrorValidationTest.java:22)
at java.base/java.util.ArrayList.forEach(ArrayList.java:1596)
at java.base/java.util.concurrent.FutureTask.run(FutureTask.java:317)
at java.base/java.util.concurrent.ThreadPoolExecutor.runWorker(ThreadPoolExecutor.java:1144)
at java.base/java.util.concurrent.ThreadPoolExecutor$Worker.run(ThreadPoolExecutor.java:642)
at java.base/java.lang.Thread.run(Thread.java:1583)
... Removed 21 stack frames]]>
    </failure>
  </testcase> <!-- LoginErrorValidation -->
  <testcase classname="com.ErrorValidationTest" name="ProductErrorValidation" time="4.248"/>
</testsuite> <!-- ErrorValidationTest -->
