<?xml version="1.0" encoding="UTF-8"?>
<!-- Generated by org.testng.reporters.JUnitXMLReporter -->
<testsuite ignored="0" hostname="DESKTOP-40N8UKJ" failures="0" tests="3" name="StandAloneTest" time="30.951" errors="0" timestamp="2024-10-22T12:08:03 IST">
  <testcase classname="com.StandAloneTest2" name="StandAloneTest" time="7.174"/>
  <testcase classname="com.StandAloneTest2" name="StandAloneTest" time="7.16"/>
  <testcase classname="com.StandAloneTest2" name="OrderHistoryTest" time="1.107"/>
</testsuite> <!-- StandAloneTest -->
